# JRE version: Java(TM) SE Runtime Environment (8.0_65-b17) (build 1.8.0_65-b17)
# Java VM: Java HotSpot(TM) 64-Bit Server VM (25.65-b01 mixed mode windows-amd64 compressed oops)
Heap:
 PSYoungGen      total 107008K, used 76567K [0x00000000eb100000, 0x00000000f2480000, 0x0000000100000000)
  eden space 98816K, 69% used [0x00000000eb100000,0x00000000ef4009e8,0x00000000f1180000)
  from space 8192K, 97% used [0x00000000f1c80000,0x00000000f24454a8,0x00000000f2480000)
  to   space 9728K, 0% used [0x00000000f1180000,0x00000000f1180000,0x00000000f1b00000)
 ParOldGen       total 51712K, used 12952K [0x00000000c1200000, 0x00000000c4480000, 0x00000000eb100000)
  object space 51712K, 25% used [0x00000000c1200000,0x00000000c1ea60c0,0x00000000c4480000)
 Metaspace       used 47885K, capacity 48336K, committed 48512K, reserved 1089536K
  class space    used 7668K, capacity 7807K, committed 7808K, reserved 1048576K
GC Heap History (10 events):
Event: 12.080 GC heap before
{Heap before GC invocations=8 (full 1):
 PSYoungGen      total 56320K, used 55847K [0x00000000eb100000, 0x00000000efb00000, 0x0000000100000000)
  eden space 52224K, 100% used [0x00000000eb100000,0x00000000ee400000,0x00000000ee400000)
  from space 4096K, 88% used [0x00000000ef700000,0x00000000efa89e40,0x00000000efb00000)
  to   space 6144K, 0% used [0x00000000eef00000,0x00000000eef00000,0x00000000ef500000)
 ParOldGen       total 33280K, used 6893K [0x00000000c1200000, 0x00000000c3280000, 0x00000000eb100000)
  object space 33280K, 20% used [0x00000000c1200000,0x00000000c18bb7a0,0x00000000c3280000)
 Metaspace       used 29412K, capacity 29604K, committed 29824K, reserved 1075200K
  class space    used 4338K, capacity 4428K, committed 4480K, reserved 1048576K
Event: 12.091 GC heap after
Heap after GC invocations=8 (full 1):
 PSYoungGen      total 69632K, used 6122K [0x00000000eb100000, 0x00000000f0f80000, 0x0000000100000000)
  eden space 63488K, 0% used [0x00000000eb100000,0x00000000eb100000,0x00000000eef00000)
  from space 6144K, 99% used [0x00000000eef00000,0x00000000ef4fa938,0x00000000ef500000)
  to   space 7680K, 0% used [0x00000000f0800000,0x00000000f0800000,0x00000000f0f80000)
 ParOldGen       total 33280K, used 8222K [0x00000000c1200000, 0x00000000c3280000, 0x00000000eb100000)
  object space 33280K, 24% used [0x00000000c1200000,0x00000000c1a07a58,0x00000000c3280000)
 Metaspace       used 29412K, capacity 29604K, committed 29824K, reserved 1075200K
  class space    used 4338K, capacity 4428K, committed 4480K, reserved 1048576K
}
Event: 16.866 GC heap before
{Heap before GC invocations=9 (full 1):
 PSYoungGen      total 69632K, used 56218K [0x00000000eb100000, 0x00000000f0f80000, 0x0000000100000000)
  eden space 63488K, 78% used [0x00000000eb100000,0x00000000ee1ec220,0x00000000eef00000)
  from space 6144K, 99% used [0x00000000eef00000,0x00000000ef4fa938,0x00000000ef500000)
  to   space 7680K, 0% used [0x00000000f0800000,0x00000000f0800000,0x00000000f0f80000)
 ParOldGen       total 33280K, used 8222K [0x00000000c1200000, 0x00000000c3280000, 0x00000000eb100000)
  object space 33280K, 24% used [0x00000000c1200000,0x00000000c1a07a58,0x00000000c3280000)
 Metaspace       used 34893K, capacity 35108K, committed 35416K, reserved 1079296K
  class space    used 5169K, capacity 5260K, committed 5376K, reserved 1048576K
Event: 16.878 GC heap after
Heap after GC invocations=9 (full 1):
 PSYoungGen      total 88064K, used 7678K [0x00000000eb100000, 0x00000000f1f00000, 0x0000000100000000)
  eden space 80384K, 0% used [0x00000000eb100000,0x00000000eb100000,0x00000000eff80000)
  from space 7680K, 99% used [0x00000000f0800000,0x00000000f0f7fbe0,0x00000000f0f80000)
  to   space 8704K, 0% used [0x00000000eff80000,0x00000000eff80000,0x00000000f0800000)
 ParOldGen       total 33280K, used 8671K [0x00000000c1200000, 0x00000000c3280000, 0x00000000eb100000)
  object space 33280K, 26% used [0x00000000c1200000,0x00000000c1a77d80,0x00000000c3280000)
 Metaspace       used 34893K, capacity 35108K, committed 35416K, reserved 1079296K
  class space    used 5169K, capacity 5260K, committed 5376K, reserved 1048576K
}
Event: 16.878 GC heap before
{Heap before GC invocations=10 (full 2):
 PSYoungGen      total 88064K, used 7678K [0x00000000eb100000, 0x00000000f1f00000, 0x0000000100000000)
  eden space 80384K, 0% used [0x00000000eb100000,0x00000000eb100000,0x00000000eff80000)
  from space 7680K, 99% used [0x00000000f0800000,0x00000000f0f7fbe0,0x00000000f0f80000)
  to   space 8704K, 0% used [0x00000000eff80000,0x00000000eff80000,0x00000000f0800000)
 ParOldGen       total 33280K, used 8671K [0x00000000c1200000, 0x00000000c3280000, 0x00000000eb100000)
  object space 33280K, 26% used [0x00000000c1200000,0x00000000c1a77d80,0x00000000c3280000)
 Metaspace       used 34893K, capacity 35108K, committed 35416K, reserved 1079296K
  class space    used 5169K, capacity 5260K, committed 5376K, reserved 1048576K
Event: 16.964 GC heap after
Heap after GC invocations=10 (full 2):
 PSYoungGen      total 88064K, used 0K [0x00000000eb100000, 0x00000000f1f00000, 0x0000000100000000)
  eden space 80384K, 0% used [0x00000000eb100000,0x00000000eb100000,0x00000000eff80000)
  from space 7680K, 0% used [0x00000000f0800000,0x00000000f0800000,0x00000000f0f80000)
  to   space 8704K, 0% used [0x00000000eff80000,0x00000000eff80000,0x00000000f0800000)
 ParOldGen       total 51712K, used 12936K [0x00000000c1200000, 0x00000000c4480000, 0x00000000eb100000)
  object space 51712K, 25% used [0x00000000c1200000,0x00000000c1ea20c0,0x00000000c4480000)
 Metaspace       used 34893K, capacity 35108K, committed 35416K, reserved 1079296K
  class space    used 5169K, capacity 5260K, committed 5376K, reserved 1048576K
}
Event: 21.364 GC heap before
{Heap before GC invocations=11 (full 2):
 PSYoungGen      total 88064K, used 80384K [0x00000000eb100000, 0x00000000f1f00000, 0x0000000100000000)
  eden space 80384K, 100% used [0x00000000eb100000,0x00000000eff80000,0x00000000eff80000)
  from space 7680K, 0% used [0x00000000f0800000,0x00000000f0800000,0x00000000f0f80000)
  to   space 8704K, 0% used [0x00000000eff80000,0x00000000eff80000,0x00000000f0800000)
 ParOldGen       total 51712K, used 12936K [0x00000000c1200000, 0x00000000c4480000, 0x00000000eb100000)
  object space 51712K, 25% used [0x00000000c1200000,0x00000000c1ea20c0,0x00000000c4480000)
 Metaspace       used 40838K, capacity 41188K, committed 41344K, reserved 1083392K
  class space    used 6322K, capacity 6428K, committed 6528K, reserved 1048576K
Event: 21.376 GC heap after
Heap after GC invocations=11 (full 2):
 PSYoungGen      total 89088K, used 6585K [0x00000000eb100000, 0x00000000f2500000, 0x0000000100000000)
  eden space 80384K, 0% used [0x00000000eb100000,0x00000000eb100000,0x00000000eff80000)
  from space 8704K, 75% used [0x00000000eff80000,0x00000000f05ee7d8,0x00000000f0800000)
  to   space 8704K, 0% used [0x00000000f1c80000,0x00000000f1c80000,0x00000000f2500000)
 ParOldGen       total 51712K, used 12944K [0x00000000c1200000, 0x00000000c4480000, 0x00000000eb100000)
  object space 51712K, 25% used [0x00000000c1200000,0x00000000c1ea40c0,0x00000000c4480000)
 Metaspace       used 40838K, capacity 41188K, committed 41344K, reserved 1083392K
  class space    used 6322K, capacity 6428K, committed 6528K, reserved 1048576K
}
Event: 31.401 GC heap before
{Heap before GC invocations=12 (full 2):
 PSYoungGen      total 89088K, used 84940K [0x00000000eb100000, 0x00000000f2500000, 0x0000000100000000)
  eden space 80384K, 97% used [0x00000000eb100000,0x00000000efd84b70,0x00000000eff80000)
  from space 8704K, 75% used [0x00000000eff80000,0x00000000f05ee7d8,0x00000000f0800000)
  to   space 8704K, 0% used [0x00000000f1c80000,0x00000000f1c80000,0x00000000f2500000)
 ParOldGen       total 51712K, used 12944K [0x00000000c1200000, 0x00000000c4480000, 0x00000000eb100000)
  object space 51712K, 25% used [0x00000000c1200000,0x00000000c1ea40c0,0x00000000c4480000)
 Metaspace       used 47169K, capacity 47632K, committed 47744K, reserved 1089536K
  class space    used 7627K, capacity 7759K, committed 7808K, reserved 1048576K
Event: 31.414 GC heap after
Heap after GC invocations=12 (full 2):
 PSYoungGen      total 107008K, used 7957K [0x00000000eb100000, 0x00000000f2480000, 0x0000000100000000)
  eden space 98816K, 0% used [0x00000000eb100000,0x00000000eb100000,0x00000000f1180000)
  from space 8192K, 97% used [0x00000000f1c80000,0x00000000f24454a8,0x00000000f2480000)
  to   space 9728K, 0% used [0x00000000f1180000,0x00000000f1180000,0x00000000f1b00000)
 ParOldGen       total 51712K, used 12952K [0x00000000c1200000, 0x00000000c4480000, 0x00000000eb100000)
  object space 51712K, 25% used [0x00000000c1200000,0x00000000c1ea60c0,0x00000000c4480000)
 Metaspace       used 47169K, capacity 47632K, committed 47744K, reserved 1089536K
  class space    used 7627K, capacity 7759K, committed 7808K, reserved 1048576K
}

