# JRE version: Java(TM) SE Runtime Environment (8.0_65-b17) (build 1.8.0_65-b17)
# Java VM: Java HotSpot(TM) 64-Bit Server VM (25.65-b01 mixed mode windows-amd64 compressed oops)
Heap:
 PSYoungGen      total 60928K, used 43424K [0x00000000eb100000, 0x00000000ef380000, 0x0000000100000000)
  eden space 55808K, 69% used [0x00000000eb100000,0x00000000ed6d3040,0x00000000ee780000)
  from space 5120K, 91% used [0x00000000eee80000,0x00000000ef315070,0x00000000ef380000)
  to   space 6144K, 0% used [0x00000000ee780000,0x00000000ee780000,0x00000000eed80000)
 ParOldGen       total 32256K, used 8621K [0x00000000c1200000, 0x00000000c3180000, 0x00000000eb100000)
  object space 32256K, 26% used [0x00000000c1200000,0x00000000c1a6b4c0,0x00000000c3180000)
 Metaspace       used 31653K, capacity 31840K, committed 32256K, reserved 1077248K
  class space    used 4678K, capacity 4748K, committed 4864K, reserved 1048576K
GC Heap History (10 events):
Event: 5.412 GC heap before
{Heap before GC invocations=5 (full 0):
 PSYoungGen      total 18944K, used 18930K [0x00000000eb100000, 0x00000000ec600000, 0x0000000100000000)
  eden space 16384K, 100% used [0x00000000eb100000,0x00000000ec100000,0x00000000ec100000)
  from space 2560K, 99% used [0x00000000ec380000,0x00000000ec5fca48,0x00000000ec600000)
  to   space 2560K, 0% used [0x00000000ec100000,0x00000000ec100000,0x00000000ec380000)
 ParOldGen       total 44032K, used 8215K [0x00000000c1200000, 0x00000000c3d00000, 0x00000000eb100000)
  object space 44032K, 18% used [0x00000000c1200000,0x00000000c1a05d58,0x00000000c3d00000)
 Metaspace       used 20219K, capacity 20404K, committed 20864K, reserved 1067008K
  class space    used 2781K, capacity 2858K, committed 2944K, reserved 1048576K
Event: 5.420 GC heap after
Heap after GC invocations=5 (full 0):
 PSYoungGen      total 18944K, used 2546K [0x00000000eb100000, 0x00000000edd00000, 0x0000000100000000)
  eden space 16384K, 0% used [0x00000000eb100000,0x00000000eb100000,0x00000000ec100000)
  from space 2560K, 99% used [0x00000000ec100000,0x00000000ec37ca68,0x00000000ec380000)
  to   space 6144K, 0% used [0x00000000ed700000,0x00000000ed700000,0x00000000edd00000)
 ParOldGen       total 44032K, used 10190K [0x00000000c1200000, 0x00000000c3d00000, 0x00000000eb100000)
  object space 44032K, 23% used [0x00000000c1200000,0x00000000c1bf3b90,0x00000000c3d00000)
 Metaspace       used 20219K, capacity 20404K, committed 20864K, reserved 1067008K
  class space    used 2781K, capacity 2858K, committed 2944K, reserved 1048576K
}
Event: 5.493 GC heap before
{Heap before GC invocations=6 (full 0):
 PSYoungGen      total 18944K, used 7848K [0x00000000eb100000, 0x00000000edd00000, 0x0000000100000000)
  eden space 16384K, 32% used [0x00000000eb100000,0x00000000eb62d5c8,0x00000000ec100000)
  from space 2560K, 99% used [0x00000000ec100000,0x00000000ec37ca68,0x00000000ec380000)
  to   space 6144K, 0% used [0x00000000ed700000,0x00000000ed700000,0x00000000edd00000)
 ParOldGen       total 44032K, used 10190K [0x00000000c1200000, 0x00000000c3d00000, 0x00000000eb100000)
  object space 44032K, 23% used [0x00000000c1200000,0x00000000c1bf3b90,0x00000000c3d00000)
 Metaspace       used 20770K, capacity 20948K, committed 21248K, reserved 1067008K
  class space    used 2858K, capacity 2954K, committed 3072K, reserved 1048576K
Event: 5.499 GC heap after
Heap after GC invocations=6 (full 0):
 PSYoungGen      total 38912K, used 3174K [0x00000000eb100000, 0x00000000edd00000, 0x0000000100000000)
  eden space 32768K, 0% used [0x00000000eb100000,0x00000000eb100000,0x00000000ed100000)
  from space 6144K, 51% used [0x00000000ed700000,0x00000000eda19868,0x00000000edd00000)
  to   space 6144K, 0% used [0x00000000ed100000,0x00000000ed100000,0x00000000ed700000)
 ParOldGen       total 44032K, used 10190K [0x00000000c1200000, 0x00000000c3d00000, 0x00000000eb100000)
  object space 44032K, 23% used [0x00000000c1200000,0x00000000c1bf3b90,0x00000000c3d00000)
 Metaspace       used 20770K, capacity 20948K, committed 21248K, reserved 1067008K
  class space    used 2858K, capacity 2954K, committed 3072K, reserved 1048576K
}
Event: 5.499 GC heap before
{Heap before GC invocations=7 (full 1):
 PSYoungGen      total 38912K, used 3174K [0x00000000eb100000, 0x00000000edd00000, 0x0000000100000000)
  eden space 32768K, 0% used [0x00000000eb100000,0x00000000eb100000,0x00000000ed100000)
  from space 6144K, 51% used [0x00000000ed700000,0x00000000eda19868,0x00000000edd00000)
  to   space 6144K, 0% used [0x00000000ed100000,0x00000000ed100000,0x00000000ed700000)
 ParOldGen       total 44032K, used 10190K [0x00000000c1200000, 0x00000000c3d00000, 0x00000000eb100000)
  object space 44032K, 23% used [0x00000000c1200000,0x00000000c1bf3b90,0x00000000c3d00000)
 Metaspace       used 20770K, capacity 20948K, committed 21248K, reserved 1067008K
  class space    used 2858K, capacity 2954K, committed 3072K, reserved 1048576K
Event: 5.543 GC heap after
Heap after GC invocations=7 (full 1):
 PSYoungGen      total 38912K, used 0K [0x00000000eb100000, 0x00000000edd00000, 0x0000000100000000)
  eden space 32768K, 0% used [0x00000000eb100000,0x00000000eb100000,0x00000000ed100000)
  from space 6144K, 0% used [0x00000000ed700000,0x00000000ed700000,0x00000000edd00000)
  to   space 6144K, 0% used [0x00000000ed100000,0x00000000ed100000,0x00000000ed700000)
 ParOldGen       total 32256K, used 8613K [0x00000000c1200000, 0x00000000c3180000, 0x00000000eb100000)
  object space 32256K, 26% used [0x00000000c1200000,0x00000000c1a694c0,0x00000000c3180000)
 Metaspace       used 20770K, capacity 20948K, committed 21248K, reserved 1067008K
  class space    used 2858K, capacity 2954K, committed 3072K, reserved 1048576K
}
Event: 6.398 GC heap before
{Heap before GC invocations=8 (full 1):
 PSYoungGen      total 38912K, used 32768K [0x00000000eb100000, 0x00000000edd00000, 0x0000000100000000)
  eden space 32768K, 100% used [0x00000000eb100000,0x00000000ed100000,0x00000000ed100000)
  from space 6144K, 0% used [0x00000000ed700000,0x00000000ed700000,0x00000000edd00000)
  to   space 6144K, 0% used [0x00000000ed100000,0x00000000ed100000,0x00000000ed700000)
 ParOldGen       total 32256K, used 8613K [0x00000000c1200000, 0x00000000c3180000, 0x00000000eb100000)
  object space 32256K, 26% used [0x00000000c1200000,0x00000000c1a694c0,0x00000000c3180000)
 Metaspace       used 23980K, capacity 24180K, committed 24576K, reserved 1071104K
  class space    used 3407K, capacity 3498K, committed 3584K, reserved 1048576K
Event: 6.409 GC heap after
Heap after GC invocations=8 (full 1):
 PSYoungGen      total 38912K, used 3600K [0x00000000eb100000, 0x00000000ef480000, 0x0000000100000000)
  eden space 32768K, 0% used [0x00000000eb100000,0x00000000eb100000,0x00000000ed100000)
  from space 6144K, 58% used [0x00000000ed100000,0x00000000ed4840b8,0x00000000ed700000)
  to   space 6144K, 0% used [0x00000000eee80000,0x00000000eee80000,0x00000000ef480000)
 ParOldGen       total 32256K, used 8613K [0x00000000c1200000, 0x00000000c3180000, 0x00000000eb100000)
  object space 32256K, 26% used [0x00000000c1200000,0x00000000c1a694c0,0x00000000c3180000)
 Metaspace       used 23980K, capacity 24180K, committed 24576K, reserved 1071104K
  class space    used 3407K, capacity 3498K, committed 3584K, reserved 1048576K
}
Event: 7.199 GC heap before
{Heap before GC invocations=9 (full 1):
 PSYoungGen      total 38912K, used 36368K [0x00000000eb100000, 0x00000000ef480000, 0x0000000100000000)
  eden space 32768K, 100% used [0x00000000eb100000,0x00000000ed100000,0x00000000ed100000)
  from space 6144K, 58% used [0x00000000ed100000,0x00000000ed4840b8,0x00000000ed700000)
  to   space 6144K, 0% used [0x00000000eee80000,0x00000000eee80000,0x00000000ef480000)
 ParOldGen       total 32256K, used 8613K [0x00000000c1200000, 0x00000000c3180000, 0x00000000eb100000)
  object space 32256K, 26% used [0x00000000c1200000,0x00000000c1a694c0,0x00000000c3180000)
 Metaspace       used 27025K, capacity 27220K, committed 27648K, reserved 1073152K
  class space    used 3954K, capacity 4042K, committed 4096K, reserved 1048576K
Event: 7.206 GC heap after
Heap after GC invocations=9 (full 1):
 PSYoungGen      total 60928K, used 4692K [0x00000000eb100000, 0x00000000ef380000, 0x0000000100000000)
  eden space 55808K, 0% used [0x00000000eb100000,0x00000000eb100000,0x00000000ee780000)
  from space 5120K, 91% used [0x00000000eee80000,0x00000000ef315070,0x00000000ef380000)
  to   space 6144K, 0% used [0x00000000ee780000,0x00000000ee780000,0x00000000eed80000)
 ParOldGen       total 32256K, used 8621K [0x00000000c1200000, 0x00000000c3180000, 0x00000000eb100000)
  object space 32256K, 26% used [0x00000000c1200000,0x00000000c1a6b4c0,0x00000000c3180000)
 Metaspace       used 27025K, capacity 27220K, committed 27648K, reserved 1073152K
  class space    used 3954K, capacity 4042K, committed 4096K, reserved 1048576K
}

